0 info it worked if it ends with ok
1 verbose cli [ '/usr/bin/nodejs', '/usr/bin/npm', 'run', 'test:e2e:firefox' ]
2 info using npm@3.10.10
3 info using node@v6.9.4
4 verbose run-script [ 'pretest:e2e:firefox',
4 verbose run-script   'test:e2e:firefox',
4 verbose run-script   'posttest:e2e:firefox' ]
5 info lifecycle cucumberjs@1.0.0~pretest:e2e:firefox: cucumberjs@1.0.0
6 silly lifecycle cucumberjs@1.0.0~pretest:e2e:firefox: no script for pretest:e2e:firefox, continuing
7 info lifecycle cucumberjs@1.0.0~test:e2e:firefox: cucumberjs@1.0.0
8 verbose lifecycle cucumberjs@1.0.0~test:e2e:firefox: unsafe-perm in lifecycle true
9 verbose lifecycle cucumberjs@1.0.0~test:e2e:firefox: PATH: /usr/lib/node_modules/npm/bin/node-gyp-bin:/home/felipe-oliveira/Desktop/cucumberjs/node_modules/.bin:/home/felipe-oliveira/bin:/home/felipe-oliveira/.local/bin:/home/felipe-oliveira/.rvm/gems/ruby-2.3.3/bin:/home/felipe-oliveira/.rvm/gems/ruby-2.3.3@global/bin:/home/felipe-oliveira/.rvm/rubies/ruby-2.3.3/bin:/home/felipe-oliveira/bin:/home/felipe-oliveira/.local/bin:/home/felipe-oliveira/bin:/home/felipe-oliveira/.local/bin:/usr/local/sbin:/usr/local/bin:/usr/sbin:/usr/bin:/sbin:/bin:/usr/games:/usr/local/games:/snap/bin:/usr/lib/jvm/java-8-oracle/bin:/usr/lib/jvm/java-8-oracle/db/bin:/usr/lib/jvm/java-8-oracle/jre/bin:/home/felipe-oliveira/.rvm/bin:/home/felipe-oliveira/.rvm/bin:/home/felipe-oliveira/.rvm/bin:/home/felipe-oliveira/.rvm/bin:/home/felipe-oliveira/Android/Sdk/tools:/home/felipe-oliveira/.rvm/bin:/home/felipe-oliveira/.rvm/bin:/home/felipe-oliveira/Android/Sdk/tools
10 verbose lifecycle cucumberjs@1.0.0~test:e2e:firefox: CWD: /home/felipe-oliveira/Desktop/cucumberjs
11 silly lifecycle cucumberjs@1.0.0~test:e2e:firefox: Args: [ '-c',
11 silly lifecycle   'nightwatch --config nightwatch.firefox.conf.js features/step_definitions/*.js' ]
12 silly lifecycle cucumberjs@1.0.0~test:e2e:firefox: Returned: code: 2  signal: null
13 info lifecycle cucumberjs@1.0.0~test:e2e:firefox: Failed to exec test:e2e:firefox script
14 verbose stack Error: cucumberjs@1.0.0 test:e2e:firefox: `nightwatch --config nightwatch.firefox.conf.js features/step_definitions/*.js`
14 verbose stack Exit status 2
14 verbose stack     at EventEmitter.<anonymous> (/usr/lib/node_modules/npm/lib/utils/lifecycle.js:255:16)
14 verbose stack     at emitTwo (events.js:106:13)
14 verbose stack     at EventEmitter.emit (events.js:191:7)
14 verbose stack     at ChildProcess.<anonymous> (/usr/lib/node_modules/npm/lib/utils/spawn.js:40:14)
14 verbose stack     at emitTwo (events.js:106:13)
14 verbose stack     at ChildProcess.emit (events.js:191:7)
14 verbose stack     at maybeClose (internal/child_process.js:877:16)
14 verbose stack     at Process.ChildProcess._handle.onexit (internal/child_process.js:226:5)
15 verbose pkgid cucumberjs@1.0.0
16 verbose cwd /home/felipe-oliveira/Desktop/cucumberjs
17 error Linux 4.8.0-34-generic
18 error argv "/usr/bin/nodejs" "/usr/bin/npm" "run" "test:e2e:firefox"
19 error node v6.9.4
20 error npm  v3.10.10
21 error code ELIFECYCLE
22 error cucumberjs@1.0.0 test:e2e:firefox: `nightwatch --config nightwatch.firefox.conf.js features/step_definitions/*.js`
22 error Exit status 2
23 error Failed at the cucumberjs@1.0.0 test:e2e:firefox script 'nightwatch --config nightwatch.firefox.conf.js features/step_definitions/*.js'.
23 error Make sure you have the latest version of node.js and npm installed.
23 error If you do, this is most likely a problem with the cucumberjs package,
23 error not with npm itself.
23 error Tell the author that this fails on your system:
23 error     nightwatch --config nightwatch.firefox.conf.js features/step_definitions/*.js
23 error You can get information on how to open an issue for this project with:
23 error     npm bugs cucumberjs
23 error Or if that isn't available, you can get their info via:
23 error     npm owner ls cucumberjs
23 error There is likely additional logging output above.
24 verbose exit [ 1, true ]
